1529402602358	geckodriver	INFO	geckodriver 0.20.1
1529402602362	geckodriver	INFO	Listening on 127.0.0.1:57011
1529402603378	mozrunner::runner	INFO	Running command: "/usr/bin/firefox" "-marionette" "-headless" "-profile" "/tmp/rust_mozprofile.pOH6aog83tfr"
*** You are running in headless mode.
1529402607418	Marionette	INFO	Listening on port 36993
1529402607503	Marionette	WARN	TLS certificate errors will be ignored for this session
*** UTM:SVC TimerManager:registerTimer called after profile-before-change notification. Ignoring timer registration for id: telemetry_modules_ping
1529402703156	geckodriver	INFO	geckodriver 0.20.1
1529402703160	geckodriver	INFO	Listening on 127.0.0.1:34875
1529402704176	mozrunner::runner	INFO	Running command: "/usr/bin/firefox" "-marionette" "-headless" "-profile" "/tmp/rust_mozprofile.4dGCFrr6YWzn"
*** You are running in headless mode.
1529402708181	Marionette	INFO	Listening on port 39589
1529402708205	Marionette	WARN	TLS certificate errors will be ignored for this session
*** UTM:SVC TimerManager:registerTimer called after profile-before-change notification. Ignoring timer registration for id: telemetry_modules_ping
1529403333072	geckodriver	INFO	geckodriver 0.20.1
1529403333076	geckodriver	INFO	Listening on 127.0.0.1:43219
1529403334078	mozrunner::runner	INFO	Running command: "/usr/bin/firefox" "-marionette" "-headless" "-profile" "/tmp/rust_mozprofile.tRvjQJ64lw0C"
*** You are running in headless mode.
1529403338081	Marionette	INFO	Listening on port 34513
1529403338105	Marionette	WARN	TLS certificate errors will be ignored for this session
*** UTM:SVC TimerManager:registerTimer called after profile-before-change notification. Ignoring timer registration for id: telemetry_modules_ping
1529404898927	geckodriver	INFO	geckodriver 0.20.1
1529404898931	geckodriver	INFO	Listening on 127.0.0.1:60439
1529404899948	mozrunner::runner	INFO	Running command: "/usr/bin/firefox" "-marionette" "-headless" "-profile" "/tmp/rust_mozprofile.o0d4VlYR7dxG"
*** You are running in headless mode.
1529404903840	Marionette	INFO	Listening on port 42065
1529404903869	Marionette	WARN	TLS certificate errors will be ignored for this session
*** UTM:SVC TimerManager:registerTimer called after profile-before-change notification. Ignoring timer registration for id: telemetry_modules_ping
1529404918415	geckodriver	INFO	geckodriver 0.20.1
1529404918419	geckodriver	INFO	Listening on 127.0.0.1:45657
1529404919435	mozrunner::runner	INFO	Running command: "/usr/bin/firefox" "-marionette" "-headless" "-profile" "/tmp/rust_mozprofile.jIPPDtBIlkbr"
*** You are running in headless mode.
1529404922850	Marionette	INFO	Listening on port 37893
1529404922953	Marionette	WARN	TLS certificate errors will be ignored for this session
*** UTM:SVC TimerManager:registerTimer called after profile-before-change notification. Ignoring timer registration for id: telemetry_modules_ping
1529405655658	geckodriver	INFO	geckodriver 0.20.1
1529405655663	geckodriver	INFO	Listening on 127.0.0.1:34133
1529405656681	mozrunner::runner	INFO	Running command: "/usr/bin/firefox" "-marionette" "-headless" "-profile" "/tmp/rust_mozprofile.7ormRaFKnOZG"
*** You are running in headless mode.
1529405660659	Marionette	INFO	Listening on port 41125
1529405660713	Marionette	WARN	TLS certificate errors will be ignored for this session
*** UTM:SVC TimerManager:registerTimer called after profile-before-change notification. Ignoring timer registration for id: telemetry_modules_ping
1529405682939	geckodriver	INFO	geckodriver 0.20.1
1529405682943	geckodriver	INFO	Listening on 127.0.0.1:36233
1529405683959	mozrunner::runner	INFO	Running command: "/usr/bin/firefox" "-marionette" "-headless" "-profile" "/tmp/rust_mozprofile.1f0lfRinTKSd"
*** You are running in headless mode.
1529405687788	Marionette	INFO	Listening on port 34393
1529405687884	Marionette	WARN	TLS certificate errors will be ignored for this session
*** UTM:SVC TimerManager:registerTimer called after profile-before-change notification. Ignoring timer registration for id: telemetry_modules_ping
1529405727449	geckodriver	INFO	geckodriver 0.20.1
1529405727453	geckodriver	INFO	Listening on 127.0.0.1:35879
1529405728469	mozrunner::runner	INFO	Running command: "/usr/bin/firefox" "-marionette" "-headless" "-profile" "/tmp/rust_mozprofile.aKT8Qg0XQ1Uc"
*** You are running in headless mode.
1529405731882	Marionette	INFO	Listening on port 40899
1529405731886	Marionette	WARN	TLS certificate errors will be ignored for this session
1529405773190	geckodriver	INFO	geckodriver 0.20.1
1529405773194	geckodriver	INFO	Listening on 127.0.0.1:45667
1529405774210	mozrunner::runner	INFO	Running command: "/usr/bin/firefox" "-marionette" "-headless" "-profile" "/tmp/rust_mozprofile.ljLw08LW6wBr"
*** You are running in headless mode.
1529405778260	Marionette	INFO	Listening on port 38849
1529405778329	Marionette	WARN	TLS certificate errors will be ignored for this session

###!!! [Child][MessageChannel] Error: (msgtype=0x540027,name=PNecko::Msg_RemoveRequestContext) Channel closing: too late to send/recv, messages will be lost


###!!! [Child][RunMessage] Error: Channel closing: too late to send/recv, messages will be lost

[Child 16776, Chrome_ChildThread] WARNING: pipe error (3): Connection reset by peer: file /build/firefox-m9FtQy/firefox-60.0.2+build1/ipc/chromium/src/chrome/common/ipc_channel_posix.cc, line 353
*** UTM:SVC TimerManager:registerTimer called after profile-before-change notification. Ignoring timer registration for id: telemetry_modules_ping
1529429127807	geckodriver	INFO	geckodriver 0.20.1
1529429127876	geckodriver	INFO	Listening on 127.0.0.1:40907
1529429128773	mozrunner::runner	INFO	Running command: "/usr/bin/firefox" "-marionette" "-headless" "-profile" "/tmp/rust_mozprofile.mCQ732ToWOt9"
*** You are running in headless mode.
1529429139000	Marionette	INFO	Listening on port 42999
1529429139040	Marionette	WARN	TLS certificate errors will be ignored for this session
JavaScript error: https://en.wikipedia.org/w/load.php?debug=false&lang=en&modules=jquery%2Cmediawiki%7Cmediawiki.legacy.wikibits&only=scripts&skin=vector&version=18kdz1s, line 50: NS_ERROR_NOT_INITIALIZED: 
*** UTM:SVC TimerManager:registerTimer called after profile-before-change notification. Ignoring timer registration for id: telemetry_modules_ping
1529429193532	geckodriver	INFO	geckodriver 0.20.1
1529429193556	geckodriver	INFO	Listening on 127.0.0.1:55703
1529429194569	mozrunner::runner	INFO	Running command: "/usr/bin/firefox" "-marionette" "-headless" "-profile" "/tmp/rust_mozprofile.wnEDtn7Yy0PE"
*** You are running in headless mode.
1529429199676	Marionette	INFO	Listening on port 40611
1529429199701	Marionette	WARN	TLS certificate errors will be ignored for this session
JavaScript error: https://en.wikipedia.org/w/load.php?debug=false&lang=en&modules=jquery%2Cmediawiki%7Cmediawiki.legacy.wikibits&only=scripts&skin=vector&version=18kdz1s, line 50: NS_ERROR_NOT_INITIALIZED: 
*** UTM:SVC TimerManager:registerTimer called after profile-before-change notification. Ignoring timer registration for id: telemetry_modules_ping
1529429350897	geckodriver	INFO	geckodriver 0.20.1
1529429350904	geckodriver	INFO	Listening on 127.0.0.1:50529
1529429351917	mozrunner::runner	INFO	Running command: "/usr/bin/firefox" "-marionette" "-headless" "-profile" "/tmp/rust_mozprofile.voLbDSMqKYZT"
*** You are running in headless mode.
1529429356541	Marionette	INFO	Listening on port 33971
1529429356640	Marionette	WARN	TLS certificate errors will be ignored for this session
JavaScript error: https://en.wikipedia.org/w/load.php?debug=false&lang=en&modules=jquery%2Cmediawiki%7Cmediawiki.legacy.wikibits&only=scripts&skin=vector&version=18kdz1s, line 50: NS_ERROR_NOT_INITIALIZED: 
*** UTM:SVC TimerManager:registerTimer called after profile-before-change notification. Ignoring timer registration for id: telemetry_modules_ping
1529429814065	geckodriver	INFO	geckodriver 0.20.1
1529429814072	geckodriver	INFO	Listening on 127.0.0.1:39087
1529429815085	mozrunner::runner	INFO	Running command: "/usr/bin/firefox" "-marionette" "-headless" "-profile" "/tmp/rust_mozprofile.8vaMSIBh0FiH"
*** You are running in headless mode.
1529429819544	Marionette	INFO	Listening on port 40001
1529429819624	Marionette	WARN	TLS certificate errors will be ignored for this session

###!!! [Child][MessageChannel] Error: (msgtype=0x48000F,name=PHttpChannel::Msg___delete__) Channel closing: too late to send/recv, messages will be lost


###!!! [Child][MessageChannel] Error: (msgtype=0x540027,name=PNecko::Msg_RemoveRequestContext) Channel closing: too late to send/recv, messages will be lost

[Child 22214, Chrome_ChildThread] WARNING: pipe error (3): Connection reset by peer: file /build/firefox-m9FtQy/firefox-60.0.2+build1/ipc/chromium/src/chrome/common/ipc_channel_posix.cc, line 353
*** UTM:SVC TimerManager:registerTimer called after profile-before-change notification. Ignoring timer registration for id: telemetry_modules_ping
1529430163191	geckodriver	INFO	geckodriver 0.20.1
1529430163198	geckodriver	INFO	Listening on 127.0.0.1:60117
1529430164212	mozrunner::runner	INFO	Running command: "/usr/bin/firefox" "-marionette" "-headless" "-profile" "/tmp/rust_mozprofile.kdOXAtRbXp0R"
*** You are running in headless mode.
1529430168773	Marionette	INFO	Listening on port 42371
1529430168842	Marionette	WARN	TLS certificate errors will be ignored for this session
*** UTM:SVC TimerManager:registerTimer called after profile-before-change notification. Ignoring timer registration for id: telemetry_modules_ping
1529430372155	geckodriver	INFO	geckodriver 0.20.1
1529430372180	geckodriver	INFO	Listening on 127.0.0.1:52197
1529430373178	mozrunner::runner	INFO	Running command: "/usr/bin/firefox" "-marionette" "-headless" "-profile" "/tmp/rust_mozprofile.VTwq9cWkPiDr"
*** You are running in headless mode.
1529430377783	Marionette	INFO	Listening on port 39517
1529430377806	Marionette	WARN	TLS certificate errors will be ignored for this session
JavaScript error: https://en.wikipedia.org/w/load.php?debug=false&lang=en&modules=jquery%2Cmediawiki%7Cmediawiki.legacy.wikibits&only=scripts&skin=vector&version=18kdz1s, line 50: NS_ERROR_NOT_INITIALIZED: 
*** UTM:SVC TimerManager:registerTimer called after profile-before-change notification. Ignoring timer registration for id: telemetry_modules_ping
1529430648172	geckodriver	INFO	geckodriver 0.20.1
1529430648179	geckodriver	INFO	Listening on 127.0.0.1:54035
1529430649192	mozrunner::runner	INFO	Running command: "/usr/bin/firefox" "-marionette" "-headless" "-profile" "/tmp/rust_mozprofile.JVyAQB6WKLkR"
*** You are running in headless mode.
1529430653820	Marionette	INFO	Listening on port 35999
1529430653937	Marionette	WARN	TLS certificate errors will be ignored for this session
JavaScript error: https://en.wikipedia.org/w/load.php?debug=false&lang=en&modules=jquery%2Cmediawiki%7Cmediawiki.legacy.wikibits&only=scripts&skin=vector&version=18kdz1s, line 50: NS_ERROR_NOT_INITIALIZED: 
[Parent 22804, Gecko_IOThread] WARNING: pipe error (99): Connection reset by peer: file /build/firefox-m9FtQy/firefox-60.0.2+build1/ipc/chromium/src/chrome/common/ipc_channel_posix.cc, line 353
*** UTM:SVC TimerManager:registerTimer called after profile-before-change notification. Ignoring timer registration for id: telemetry_modules_ping
1529431266688	geckodriver	INFO	geckodriver 0.20.1
1529431266695	geckodriver	INFO	Listening on 127.0.0.1:41911
1529431267707	mozrunner::runner	INFO	Running command: "/usr/bin/firefox" "-marionette" "-headless" "-profile" "/tmp/rust_mozprofile.xigGpMV1FHoe"
*** You are running in headless mode.
1529431272343	Marionette	INFO	Listening on port 44367
1529431272433	Marionette	WARN	TLS certificate errors will be ignored for this session
JavaScript error: https://en.wikipedia.org/w/load.php?debug=false&lang=en&modules=jquery%2Cmediawiki%7Cmediawiki.legacy.wikibits&only=scripts&skin=vector&version=18kdz1s, line 50: NS_ERROR_NOT_INITIALIZED: 
*** UTM:SVC TimerManager:registerTimer called after profile-before-change notification. Ignoring timer registration for id: telemetry_modules_ping
1529431425056	geckodriver	INFO	geckodriver 0.20.1
1529431425063	geckodriver	INFO	Listening on 127.0.0.1:33261
1529431426077	mozrunner::runner	INFO	Running command: "/usr/bin/firefox" "-marionette" "-headless" "-profile" "/tmp/rust_mozprofile.74hLPVDrjEuy"
*** You are running in headless mode.
1529431430668	Marionette	INFO	Listening on port 41153
1529431430709	Marionette	WARN	TLS certificate errors will be ignored for this session
1529432096764	geckodriver	INFO	geckodriver 0.20.1
1529432096843	geckodriver	INFO	Listening on 127.0.0.1:53773
1529432104598	geckodriver	INFO	geckodriver 0.20.1
1529432104604	geckodriver	INFO	Listening on 127.0.0.1:49271
1529432105701	mozrunner::runner	INFO	Running command: "/usr/bin/firefox" "-marionette" "-headless" "-profile" "/tmp/rust_mozprofile.kpNm9gMC0C0r"
*** You are running in headless mode.
1529432122848	Marionette	INFO	Listening on port 41285
1529432122941	Marionette	WARN	TLS certificate errors will be ignored for this session
1529432279828	geckodriver	INFO	geckodriver 0.20.1
1529432279834	geckodriver	INFO	Listening on 127.0.0.1:56043
1529432280849	mozrunner::runner	INFO	Running command: "/usr/bin/firefox" "-marionette" "-headless" "-profile" "/tmp/rust_mozprofile.lhITWvjnx6vS"
*** You are running in headless mode.
1529432291681	geckodriver	INFO	geckodriver 0.20.1
1529432291688	geckodriver	INFO	Listening on 127.0.0.1:37675
1529432292701	mozrunner::runner	INFO	Running command: "/usr/bin/firefox" "-marionette" "-headless" "-profile" "/tmp/rust_mozprofile.Llafnz2n83zY"
*** You are running in headless mode.
1529432296857	Marionette	INFO	Listening on port 41743
1529432296921	Marionette	WARN	TLS certificate errors will be ignored for this session
JavaScript error: https://en.wikipedia.org/w/load.php?debug=false&lang=en&modules=jquery%2Cmediawiki%7Cmediawiki.legacy.wikibits&only=scripts&skin=vector&version=18kdz1s, line 50: NS_ERROR_NOT_INITIALIZED: 
[Child 8523, Chrome_ChildThread] WARNING: pipe error: Broken pipe: file /build/firefox-m9FtQy/firefox-60.0.2+build1/ipc/chromium/src/chrome/common/ipc_channel_posix.cc, line 709
[Child 8523, Chrome_ChildThread] WARNING: pipe error: Broken pipe: file /build/firefox-m9FtQy/firefox-60.0.2+build1/ipc/chromium/src/chrome/common/ipc_channel_posix.cc, line 709
[Child 8523, Chrome_ChildThread] WARNING: pipe error: Broken pipe: file /build/firefox-m9FtQy/firefox-60.0.2+build1/ipc/chromium/src/chrome/common/ipc_channel_posix.cc, line 709
[Child 8523, Chrome_ChildThread] WARNING: pipe error: Broken pipe: file /build/firefox-m9FtQy/firefox-60.0.2+build1/ipc/chromium/src/chrome/common/ipc_channel_posix.cc, line 709
[Child 8523, Chrome_ChildThread] WARNING: pipe error: Broken pipe: file /build/firefox-m9FtQy/firefox-60.0.2+build1/ipc/chromium/src/chrome/common/ipc_channel_posix.cc, line 709
[Child 8523, Chrome_ChildThread] WARNING: pipe error: Broken pipe: file /build/firefox-m9FtQy/firefox-60.0.2+build1/ipc/chromium/src/chrome/common/ipc_channel_posix.cc, line 709
[Child 8523, Chrome_ChildThread] WARNING: pipe error: Broken pipe: file /build/firefox-m9FtQy/firefox-60.0.2+build1/ipc/chromium/src/chrome/common/ipc_channel_posix.cc, line 709
[Child 8523, Chrome_ChildThread] WARNING: pipe error: Broken pipe: file /build/firefox-m9FtQy/firefox-60.0.2+build1/ipc/chromium/src/chrome/common/ipc_channel_posix.cc, line 709
[Child 8523, Chrome_ChildThread] WARNING: pipe error: Broken pipe: file /build/firefox-m9FtQy/firefox-60.0.2+build1/ipc/chromium/src/chrome/common/ipc_channel_posix.cc, line 709
[Child 8523, Chrome_ChildThread] WARNING: pipe error: Broken pipe: file /build/firefox-m9FtQy/firefox-60.0.2+build1/ipc/chromium/src/chrome/common/ipc_channel_posix.cc, line 709
[Child 8523, Chrome_ChildThread] WARNING: pipe error: Broken pipe: file /build/firefox-m9FtQy/firefox-60.0.2+build1/ipc/chromium/src/chrome/common/ipc_channel_posix.cc, line 709
[Child 8523, Chrome_ChildThread] WARNING: pipe error: Broken pipe: file /build/firefox-m9FtQy/firefox-60.0.2+build1/ipc/chromium/src/chrome/common/ipc_channel_posix.cc, line 709
[Child 8523, Chrome_ChildThread] WARNING: pipe error: Broken pipe: file /build/firefox-m9FtQy/firefox-60.0.2+build1/ipc/chromium/src/chrome/common/ipc_channel_posix.cc, line 709
[Child 8523, Chrome_ChildThread] WARNING: pipe error: Broken pipe: file /build/firefox-m9FtQy/firefox-60.0.2+build1/ipc/chromium/src/chrome/common/ipc_channel_posix.cc, line 709
[Child 8523, Chrome_ChildThread] WARNING: pipe error: Broken pipe: file /build/firefox-m9FtQy/firefox-60.0.2+build1/ipc/chromium/src/chrome/common/ipc_channel_posix.cc, line 709
[Child 8523, Chrome_ChildThread] WARNING: pipe error: Broken pipe: file /build/firefox-m9FtQy/firefox-60.0.2+build1/ipc/chromium/src/chrome/common/ipc_channel_posix.cc, line 709
[Child 8523, Chrome_ChildThread] WARNING: pipe error: Broken pipe: file /build/firefox-m9FtQy/firefox-60.0.2+build1/ipc/chromium/src/chrome/common/ipc_channel_posix.cc, line 709
[Child 8523, Chrome_ChildThread] WARNING: pipe error: Broken pipe: file /build/firefox-m9FtQy/firefox-60.0.2+build1/ipc/chromium/src/chrome/common/ipc_channel_posix.cc, line 709
[Child 8523, Chrome_ChildThread] WARNING: pipe error: Broken pipe: file /build/firefox-m9FtQy/firefox-60.0.2+build1/ipc/chromium/src/chrome/common/ipc_channel_posix.cc, line 709
[Child 8523, Chrome_ChildThread] WARNING: pipe error: Broken pipe: file /build/firefox-m9FtQy/firefox-60.0.2+build1/ipc/chromium/src/chrome/common/ipc_channel_posix.cc, line 709
[Child 8523, Chrome_ChildThread] WARNING: pipe error: Broken pipe: file /build/firefox-m9FtQy/firefox-60.0.2+build1/ipc/chromium/src/chrome/common/ipc_channel_posix.cc, line 709
[Child 8523, Chrome_ChildThread] WARNING: pipe error: Broken pipe: file /build/firefox-m9FtQy/firefox-60.0.2+build1/ipc/chromium/src/chrome/common/ipc_channel_posix.cc, line 709
[Child 8523, Chrome_ChildThread] WARNING: pipe error: Broken pipe: file /build/firefox-m9FtQy/firefox-60.0.2+build1/ipc/chromium/src/chrome/common/ipc_channel_posix.cc, line 709
[Child 8523, Chrome_ChildThread] WARNING: pipe error: Broken pipe: file /build/firefox-m9FtQy/firefox-60.0.2+build1/ipc/chromium/src/chrome/common/ipc_channel_posix.cc, line 709
[Child 8523, Chrome_ChildThread] WARNING: pipe error: Broken pipe: file /build/firefox-m9FtQy/firefox-60.0.2+build1/ipc/chromium/src/chrome/common/ipc_channel_posix.cc, line 709
[Child 8523, Chrome_ChildThread] WARNING: pipe error: Broken pipe: file /build/firefox-m9FtQy/firefox-60.0.2+build1/ipc/chromium/src/chrome/common/ipc_channel_posix.cc, line 709
[Child 8523, Chrome_ChildThread] WARNING: pipe error: Broken pipe: file /build/firefox-m9FtQy/firefox-60.0.2+build1/ipc/chromium/src/chrome/common/ipc_channel_posix.cc, line 709
[Child 8523, Chrome_ChildThread] WARNING: pipe error: Broken pipe: file /build/firefox-m9FtQy/firefox-60.0.2+build1/ipc/chromium/src/chrome/common/ipc_channel_posix.cc, line 709
[Child 8523, Chrome_ChildThread] WARNING: pipe error: Broken pipe: file /build/firefox-m9FtQy/firefox-60.0.2+build1/ipc/chromium/src/chrome/common/ipc_channel_posix.cc, line 709
[Child 8523, Chrome_ChildThread] WARNING: pipe error: Broken pipe: file /build/firefox-m9FtQy/firefox-60.0.2+build1/ipc/chromium/src/chrome/common/ipc_channel_posix.cc, line 709
[Child 8523, Chrome_ChildThread] WARNING: pipe error: Broken pipe: file /build/firefox-m9FtQy/firefox-60.0.2+build1/ipc/chromium/src/chrome/common/ipc_channel_posix.cc, line 709
[Child 8523, Chrome_ChildThread] WARNING: pipe error: Broken pipe: file /build/firefox-m9FtQy/firefox-60.0.2+build1/ipc/chromium/src/chrome/common/ipc_channel_posix.cc, line 709
[Child 8523, Chrome_ChildThread] WARNING: pipe error: Broken pipe: file /build/firefox-m9FtQy/firefox-60.0.2+build1/ipc/chromium/src/chrome/common/ipc_channel_posix.cc, line 709
[Child 8523, Chrome_ChildThread] WARNING: pipe error: Broken pipe: file /build/firefox-m9FtQy/firefox-60.0.2+build1/ipc/chromium/src/chrome/common/ipc_channel_posix.cc, line 709
[Child 8523, Chrome_ChildThread] WARNING: pipe error: Broken pipe: file /build/firefox-m9FtQy/firefox-60.0.2+build1/ipc/chromium/src/chrome/common/ipc_channel_posix.cc, line 709
[Child 8523, Chrome_ChildThread] WARNING: pipe error: Broken pipe: file /build/firefox-m9FtQy/firefox-60.0.2+build1/ipc/chromium/src/chrome/common/ipc_channel_posix.cc, line 709
[Child 8523, Chrome_ChildThread] WARNING: pipe error: Broken pipe: file /build/firefox-m9FtQy/firefox-60.0.2+build1/ipc/chromium/src/chrome/common/ipc_channel_posix.cc, line 709
[Child 8523, Chrome_ChildThread] WARNING: pipe error: Broken pipe: file /build/firefox-m9FtQy/firefox-60.0.2+build1/ipc/chromium/src/chrome/common/ipc_channel_posix.cc, line 709
[Child 8523, Chrome_ChildThread] WARNING: pipe error: Broken pipe: file /build/firefox-m9FtQy/firefox-60.0.2+build1/ipc/chromium/src/chrome/common/ipc_channel_posix.cc, line 709
[Child 8523, Chrome_ChildThread] WARNING: pipe error: Broken pipe: file /build/firefox-m9FtQy/firefox-60.0.2+build1/ipc/chromium/src/chrome/common/ipc_channel_posix.cc, line 709
[Child 8523, Chrome_ChildThread] WARNING: pipe error: Broken pipe: file /build/firefox-m9FtQy/firefox-60.0.2+build1/ipc/chromium/src/chrome/common/ipc_channel_posix.cc, line 709
[Child 8523, Chrome_ChildThread] WARNING: pipe error: Broken pipe: file /build/firefox-m9FtQy/firefox-60.0.2+build1/ipc/chromium/src/chrome/common/ipc_channel_posix.cc, line 709
[Child 8523, Chrome_ChildThread] WARNING: pipe error: Broken pipe: file /build/firefox-m9FtQy/firefox-60.0.2+build1/ipc/chromium/src/chrome/common/ipc_channel_posix.cc, line 709
[Child 8523, Chrome_ChildThread] WARNING: pipe error: Broken pipe: file /build/firefox-m9FtQy/firefox-60.0.2+build1/ipc/chromium/src/chrome/common/ipc_channel_posix.cc, line 709
[Child 8523, Chrome_ChildThread] WARNING: pipe error: Broken pipe: file /build/firefox-m9FtQy/firefox-60.0.2+build1/ipc/chromium/src/chrome/common/ipc_channel_posix.cc, line 709
[Child 8523, Chrome_ChildThread] WARNING: pipe error: Broken pipe: file /build/firefox-m9FtQy/firefox-60.0.2+build1/ipc/chromium/src/chrome/common/ipc_channel_posix.cc, line 709
[Child 8523, Chrome_ChildThread] WARNING: pipe error: Broken pipe: file /build/firefox-m9FtQy/firefox-60.0.2+build1/ipc/chromium/src/chrome/common/ipc_channel_posix.cc, line 709
[Child 8523, Chrome_ChildThread] WARNING: pipe error: Broken pipe: file /build/firefox-m9FtQy/firefox-60.0.2+build1/ipc/chromium/src/chrome/common/ipc_channel_posix.cc, line 709
[Child 8523, Chrome_ChildThread] WARNING: pipe error: Broken pipe: file /build/firefox-m9FtQy/firefox-60.0.2+build1/ipc/chromium/src/chrome/common/ipc_channel_posix.cc, line 709
[Child 8523, Chrome_ChildThread] WARNING: pipe error: Broken pipe: file /build/firefox-m9FtQy/firefox-60.0.2+build1/ipc/chromium/src/chrome/common/ipc_channel_posix.cc, line 709
[Child 8523, Chrome_ChildThread] WARNING: pipe error: Broken pipe: file /build/firefox-m9FtQy/firefox-60.0.2+build1/ipc/chromium/src/chrome/common/ipc_channel_posix.cc, line 709
[Child 8523, Chrome_ChildThread] WARNING: pipe error: Broken pipe: file /build/firefox-m9FtQy/firefox-60.0.2+build1/ipc/chromium/src/chrome/common/ipc_channel_posix.cc, line 709
[Child 8523, Chrome_ChildThread] WARNING: pipe error: Broken pipe: file /build/firefox-m9FtQy/firefox-60.0.2+build1/ipc/chromium/src/chrome/common/ipc_channel_posix.cc, line 709
[Child 8523, Chrome_ChildThread] WARNING: pipe error: Broken pipe: file /build/firefox-m9FtQy/firefox-60.0.2+build1/ipc/chromium/src/chrome/common/ipc_channel_posix.cc, line 709
[Child 8523, Chrome_ChildThread] WARNING: pipe error: Broken pipe: file /build/firefox-m9FtQy/firefox-60.0.2+build1/ipc/chromium/src/chrome/common/ipc_channel_posix.cc, line 709
[Child 8523, Chrome_ChildThread] WARNING: pipe error: Broken pipe: file /build/firefox-m9FtQy/firefox-60.0.2+build1/ipc/chromium/src/chrome/common/ipc_channel_posix.cc, line 709
[Child 8523, Chrome_ChildThread] WARNING: pipe error: Broken pipe: file /build/firefox-m9FtQy/firefox-60.0.2+build1/ipc/chromium/src/chrome/common/ipc_channel_posix.cc, line 709
[Child 8523, Chrome_ChildThread] WARNING: pipe error: Broken pipe: file /build/firefox-m9FtQy/firefox-60.0.2+build1/ipc/chromium/src/chrome/common/ipc_channel_posix.cc, line 709
[Child 8523, Chrome_ChildThread] WARNING: pipe error: Broken pipe: file /build/firefox-m9FtQy/firefox-60.0.2+build1/ipc/chromium/src/chrome/common/ipc_channel_posix.cc, line 709
[Child 8523, Chrome_ChildThread] WARNING: pipe error: Broken pipe: file /build/firefox-m9FtQy/firefox-60.0.2+build1/ipc/chromium/src/chrome/common/ipc_channel_posix.cc, line 709
[Child 8523, Chrome_ChildThread] WARNING: pipe error: Broken pipe: file /build/firefox-m9FtQy/firefox-60.0.2+build1/ipc/chromium/src/chrome/common/ipc_channel_posix.cc, line 709
[Child 8523, Chrome_ChildThread] WARNING: pipe error: Broken pipe: file /build/firefox-m9FtQy/firefox-60.0.2+build1/ipc/chromium/src/chrome/common/ipc_channel_posix.cc, line 709
[Child 8523, Chrome_ChildThread] WARNING: pipe error: Broken pipe: file /build/firefox-m9FtQy/firefox-60.0.2+build1/ipc/chromium/src/chrome/common/ipc_channel_posix.cc, line 709
[Child 8523, Chrome_ChildThread] WARNING: pipe error: Broken pipe: file /build/firefox-m9FtQy/firefox-60.0.2+build1/ipc/chromium/src/chrome/common/ipc_channel_posix.cc, line 709
[Child 8523, Chrome_ChildThread] WARNING: pipe error: Broken pipe: file /build/firefox-m9FtQy/firefox-60.0.2+build1/ipc/chromium/src/chrome/common/ipc_channel_posix.cc, line 709
[Child 8523, Chrome_ChildThread] WARNING: pipe error: Broken pipe: file /build/firefox-m9FtQy/firefox-60.0.2+build1/ipc/chromium/src/chrome/common/ipc_channel_posix.cc, line 709
[Child 8523, Chrome_ChildThread] WARNING: pipe error: Broken pipe: file /build/firefox-m9FtQy/firefox-60.0.2+build1/ipc/chromium/src/chrome/common/ipc_channel_posix.cc, line 709
[Child 8523, Chrome_ChildThread] WARNING: pipe error: Broken pipe: file /build/firefox-m9FtQy/firefox-60.0.2+build1/ipc/chromium/src/chrome/common/ipc_channel_posix.cc, line 709
[Child 8523, Chrome_ChildThread] WARNING: pipe error: Broken pipe: file /build/firefox-m9FtQy/firefox-60.0.2+build1/ipc/chromium/src/chrome/common/ipc_channel_posix.cc, line 709
[Child 8523, Chrome_ChildThread] WARNING: pipe error: Broken pipe: file /build/firefox-m9FtQy/firefox-60.0.2+build1/ipc/chromium/src/chrome/common/ipc_channel_posix.cc, line 709
[Child 8523, Chrome_ChildThread] WARNING: pipe error: Broken pipe: file /build/firefox-m9FtQy/firefox-60.0.2+build1/ipc/chromium/src/chrome/common/ipc_channel_posix.cc, line 709
[Child 8523, Chrome_ChildThread] WARNING: pipe error: Broken pipe: file /build/firefox-m9FtQy/firefox-60.0.2+build1/ipc/chromium/src/chrome/common/ipc_channel_posix.cc, line 709
[Child 8523, Chrome_ChildThread] WARNING: pipe error: Broken pipe: file /build/firefox-m9FtQy/firefox-60.0.2+build1/ipc/chromium/src/chrome/common/ipc_channel_posix.cc, line 709
[Child 8523, Chrome_ChildThread] WARNING: pipe error: Broken pipe: file /build/firefox-m9FtQy/firefox-60.0.2+build1/ipc/chromium/src/chrome/common/ipc_channel_posix.cc, line 709
[Child 8523, Chrome_ChildThread] WARNING: pipe error: Broken pipe: file /build/firefox-m9FtQy/firefox-60.0.2+build1/ipc/chromium/src/chrome/common/ipc_channel_posix.cc, line 709
[Child 8523, Chrome_ChildThread] WARNING: pipe error: Broken pipe: file /build/firefox-m9FtQy/firefox-60.0.2+build1/ipc/chromium/src/chrome/common/ipc_channel_posix.cc, line 709
[Child 8523, Chrome_ChildThread] WARNING: pipe error: Broken pipe: file /build/firefox-m9FtQy/firefox-60.0.2+build1/ipc/chromium/src/chrome/common/ipc_channel_posix.cc, line 709
[Child 8523, Chrome_ChildThread] WARNING: pipe error: Broken pipe: file /build/firefox-m9FtQy/firefox-60.0.2+build1/ipc/chromium/src/chrome/common/ipc_channel_posix.cc, line 709
[Child 8523, Chrome_ChildThread] WARNING: pipe error: Broken pipe: file /build/firefox-m9FtQy/firefox-60.0.2+build1/ipc/chromium/src/chrome/common/ipc_channel_posix.cc, line 709
[Child 8523, Chrome_ChildThread] WARNING: pipe error: Broken pipe: file /build/firefox-m9FtQy/firefox-60.0.2+build1/ipc/chromium/src/chrome/common/ipc_channel_posix.cc, line 709
[Child 8523, Chrome_ChildThread] WARNING: pipe error: Broken pipe: file /build/firefox-m9FtQy/firefox-60.0.2+build1/ipc/chromium/src/chrome/common/ipc_channel_posix.cc, line 709
[Child 8523, Chrome_ChildThread] WARNING: pipe error: Broken pipe: file /build/firefox-m9FtQy/firefox-60.0.2+build1/ipc/chromium/src/chrome/common/ipc_channel_posix.cc, line 709
[Child 8523, Chrome_ChildThread] WARNING: pipe error: Broken pipe: file /build/firefox-m9FtQy/firefox-60.0.2+build1/ipc/chromium/src/chrome/common/ipc_channel_posix.cc, line 709
[Child 8523, Chrome_ChildThread] WARNING: pipe error: Broken pipe: file /build/firefox-m9FtQy/firefox-60.0.2+build1/ipc/chromium/src/chrome/common/ipc_channel_posix.cc, line 709
[Child 8523, Chrome_ChildThread] WARNING: pipe error: Broken pipe: file /build/firefox-m9FtQy/firefox-60.0.2+build1/ipc/chromium/src/chrome/common/ipc_channel_posix.cc, line 709
[Child 8523, Chrome_ChildThread] WARNING: pipe error: Broken pipe: file /build/firefox-m9FtQy/firefox-60.0.2+build1/ipc/chromium/src/chrome/common/ipc_channel_posix.cc, line 709
[Child 8523, Chrome_ChildThread] WARNING: pipe error: Broken pipe: file /build/firefox-m9FtQy/firefox-60.0.2+build1/ipc/chromium/src/chrome/common/ipc_channel_posix.cc, line 709
[Child 8523, Chrome_ChildThread] WARNING: pipe error: Broken pipe: file /build/firefox-m9FtQy/firefox-60.0.2+build1/ipc/chromium/src/chrome/common/ipc_channel_posix.cc, line 709
[Child 8523, Chrome_ChildThread] WARNING: pipe error: Broken pipe: file /build/firefox-m9FtQy/firefox-60.0.2+build1/ipc/chromium/src/chrome/common/ipc_channel_posix.cc, line 709
[Child 8523, Chrome_ChildThread] WARNING: pipe error: Broken pipe: file /build/firefox-m9FtQy/firefox-60.0.2+build1/ipc/chromium/src/chrome/common/ipc_channel_posix.cc, line 709
[Child 8523, Chrome_ChildThread] WARNING: pipe error: Broken pipe: file /build/firefox-m9FtQy/firefox-60.0.2+build1/ipc/chromium/src/chrome/common/ipc_channel_posix.cc, line 709
[Child 8523, Chrome_ChildThread] WARNING: pipe error: Broken pipe: file /build/firefox-m9FtQy/firefox-60.0.2+build1/ipc/chromium/src/chrome/common/ipc_channel_posix.cc, line 709
[Child 8523, Chrome_ChildThread] WARNING: pipe error: Broken pipe: file /build/firefox-m9FtQy/firefox-60.0.2+build1/ipc/chromium/src/chrome/common/ipc_channel_posix.cc, line 709
[Child 8523, Chrome_ChildThread] WARNING: pipe error: Broken pipe: file /build/firefox-m9FtQy/firefox-60.0.2+build1/ipc/chromium/src/chrome/common/ipc_channel_posix.cc, line 709
[Child 8523, Chrome_ChildThread] WARNING: pipe error: Broken pipe: file /build/firefox-m9FtQy/firefox-60.0.2+build1/ipc/chromium/src/chrome/common/ipc_channel_posix.cc, line 709
[Child 8523, Chrome_ChildThread] WARNING: pipe error: Broken pipe: file /build/firefox-m9FtQy/firefox-60.0.2+build1/ipc/chromium/src/chrome/common/ipc_channel_posix.cc, line 709
[Child 8523, Chrome_ChildThread] WARNING: pipe error: Broken pipe: file /build/firefox-m9FtQy/firefox-60.0.2+build1/ipc/chromium/src/chrome/common/ipc_channel_posix.cc, line 709
[Child 8523, Chrome_ChildThread] WARNING: pipe error: Broken pipe: file /build/firefox-m9FtQy/firefox-60.0.2+build1/ipc/chromium/src/chrome/common/ipc_channel_posix.cc, line 709
[Child 8523, Chrome_ChildThread] WARNING: pipe error: Broken pipe: file /build/firefox-m9FtQy/firefox-60.0.2+build1/ipc/chromium/src/chrome/common/ipc_channel_posix.cc, line 709
[Child 8523, Chrome_ChildThread] WARNING: pipe error: Broken pipe: file /build/firefox-m9FtQy/firefox-60.0.2+build1/ipc/chromium/src/chrome/common/ipc_channel_posix.cc, line 709
[Child 8523, Chrome_ChildThread] WARNING: pipe error: Broken pipe: file /build/firefox-m9FtQy/firefox-60.0.2+build1/ipc/chromium/src/chrome/common/ipc_channel_posix.cc, line 709
[Child 8523, Chrome_ChildThread] WARNING: pipe error: Broken pipe: file /build/firefox-m9FtQy/firefox-60.0.2+build1/ipc/chromium/src/chrome/common/ipc_channel_posix.cc, line 709
[Child 8523, Chrome_ChildThread] WARNING: pipe error: Broken pipe: file /build/firefox-m9FtQy/firefox-60.0.2+build1/ipc/chromium/src/chrome/common/ipc_channel_posix.cc, line 709
[Child 8523, Chrome_ChildThread] WARNING: pipe error: Broken pipe: file /build/firefox-m9FtQy/firefox-60.0.2+build1/ipc/chromium/src/chrome/common/ipc_channel_posix.cc, line 709
*** UTM:SVC TimerManager:registerTimer called after profile-before-change notification. Ignoring timer registration for id: telemetry_modules_ping
1529432765091	geckodriver	INFO	geckodriver 0.20.1
1529432765097	geckodriver	INFO	Listening on 127.0.0.1:42267
1529432766110	mozrunner::runner	INFO	Running command: "/usr/bin/firefox" "-marionette" "-headless" "-profile" "/tmp/rust_mozprofile.m8dsKdaIyjw7"
*** You are running in headless mode.
1529432770318	Marionette	INFO	Listening on port 39215
1529432770337	Marionette	WARN	TLS certificate errors will be ignored for this session
JavaScript error: https://en.wikipedia.org/w/load.php?debug=false&lang=en&modules=jquery%2Cmediawiki%7Cmediawiki.legacy.wikibits&only=scripts&skin=vector&version=18kdz1s, line 50: NS_ERROR_NOT_INITIALIZED: 
*** UTM:SVC TimerManager:registerTimer called after profile-before-change notification. Ignoring timer registration for id: telemetry_modules_ping
